<?xml version="1.0" encoding="UTF-8"?>
<robot generator="Robot 6.1.1 (Python 3.11.5 on win32)" generated="20230906 17:35:23.489" rpa="false" schemaversion="4">
<suite id="s1" name="Msb Training Automation" source="D:\Bai_Tap_Auto\msb_training_automation">
<suite id="s1-s1" name="5 Testcase" source="D:\Bai_Tap_Auto\msb_training_automation\5_Testcase">
<suite id="s1-s1-s1" name="Bài 4.guru99 telecom" source="D:\Bai_Tap_Auto\msb_training_automation\5_Testcase\Bài 4.guru99_telecom.robot">
<test id="s1-s1-s1-t1" name="[TCs_01] - Thêm thông tin gói cước telecom" line="8">
<kw name="Mở trang web" library="guru99_telecom_keywords" type="SETUP">
<arg>https://demo.guru99.com/telecom/index.html</arg>
<arg>firefox</arg>
<kw name="Open Browser" library="SeleniumLibrary">
<arg>${url}</arg>
<arg>${Browser}</arg>
<doc>Opens a new browser instance to the optional ``url``.</doc>
<msg timestamp="20230906 17:35:23.666" level="INFO">Opening browser 'firefox' to base url 'https://demo.guru99.com/telecom/index.html'.</msg>
<status status="PASS" starttime="20230906 17:35:23.665" endtime="20230906 17:35:38.787"/>
</kw>
<status status="PASS" starttime="20230906 17:35:23.665" endtime="20230906 17:35:38.787"/>
</kw>
<kw name="Điền form" library="guru99_telecom_keywords">
<arg>Hang</arg>
<arg>Anh</arg>
<arg>Hanglt@gmail.com</arg>
<arg>Ha Noi</arg>
<arg>0967140000</arg>
<arg>20s</arg>
<kw name="Wait Until Element Is Visible" library="SeleniumLibrary">
<arg>${a_Addcustomer}</arg>
<arg>${timeout}</arg>
<doc>Waits until the element ``locator`` is visible.</doc>
<status status="PASS" starttime="20230906 17:35:38.789" endtime="20230906 17:35:38.808"/>
</kw>
<kw name="Click Element" library="SeleniumLibrary">
<arg>${a_Addcustomer}</arg>
<doc>Click the element identified by ``locator``.</doc>
<msg timestamp="20230906 17:35:38.810" level="INFO">Clicking element '//a[@href="addcustomer.php"]'.</msg>
<status status="PASS" starttime="20230906 17:35:38.809" endtime="20230906 17:35:38.861"/>
</kw>
<kw name="Reload Page" library="SeleniumLibrary">
<doc>Simulates user reloading page.</doc>
<status status="PASS" starttime="20230906 17:35:38.861" endtime="20230906 17:35:44.592"/>
</kw>
<kw name="Wait Until Element Is Visible" library="SeleniumLibrary">
<arg>${a_Addcustomer}</arg>
<arg>${timeout}</arg>
<doc>Waits until the element ``locator`` is visible.</doc>
<status status="PASS" starttime="20230906 17:35:44.593" endtime="20230906 17:35:44.604"/>
</kw>
<kw name="Click Element" library="SeleniumLibrary">
<arg>${a_Addcustomer}</arg>
<doc>Click the element identified by ``locator``.</doc>
<msg timestamp="20230906 17:35:44.604" level="INFO">Clicking element '//a[@href="addcustomer.php"]'.</msg>
<status status="PASS" starttime="20230906 17:35:44.604" endtime="20230906 17:35:46.786"/>
</kw>
<kw name="Wait Until Element Is Visible" library="SeleniumLibrary">
<arg>${inp_BGC}</arg>
<arg>${timeout}</arg>
<doc>Waits until the element ``locator`` is visible.</doc>
<status status="PASS" starttime="20230906 17:35:46.787" endtime="20230906 17:35:46.796"/>
</kw>
<kw name="Click Element" library="SeleniumLibrary">
<arg>${inp_BGC}</arg>
<doc>Click the element identified by ``locator``.</doc>
<msg timestamp="20230906 17:35:46.797" level="INFO">Clicking element '//section[@id='main']//label[@for='done']'.</msg>
<status status="PASS" starttime="20230906 17:35:46.796" endtime="20230906 17:35:47.008"/>
</kw>
<kw name="Input Text" library="SeleniumLibrary">
<arg>${inp_fname}</arg>
<arg>${fname}</arg>
<doc>Types the given ``text`` into the text field identified by ``locator``.</doc>
<msg timestamp="20230906 17:35:47.009" level="INFO">Typing text 'Hang' into text field '//input[@id='fname']'.</msg>
<status status="PASS" starttime="20230906 17:35:47.008" endtime="20230906 17:35:47.026"/>
</kw>
<kw name="Input Text" library="SeleniumLibrary">
<arg>${inp_lname}</arg>
<arg>${lname}</arg>
<doc>Types the given ``text`` into the text field identified by ``locator``.</doc>
<msg timestamp="20230906 17:35:47.026" level="INFO">Typing text 'Anh' into text field '//input[@id='lname']'.</msg>
<status status="PASS" starttime="20230906 17:35:47.026" endtime="20230906 17:35:47.037"/>
</kw>
<kw name="Input Text" library="SeleniumLibrary">
<arg>${inp_email}</arg>
<arg>${email}</arg>
<doc>Types the given ``text`` into the text field identified by ``locator``.</doc>
<msg timestamp="20230906 17:35:47.038" level="INFO">Typing text 'Hanglt@gmail.com' into text field '//input[@id='email']'.</msg>
<status status="PASS" starttime="20230906 17:35:47.037" endtime="20230906 17:35:47.059"/>
</kw>
<kw name="Input Text" library="SeleniumLibrary">
<arg>${inp_address}</arg>
<arg>${adress}</arg>
<doc>Types the given ``text`` into the text field identified by ``locator``.</doc>
<msg timestamp="20230906 17:35:47.059" level="INFO">Typing text 'Ha Noi' into text field '//textarea[@id='message']'.</msg>
<status status="PASS" starttime="20230906 17:35:47.059" endtime="20230906 17:35:47.069"/>
</kw>
<kw name="Input Text" library="SeleniumLibrary">
<arg>${inp_phone}</arg>
<arg>${phone}</arg>
<doc>Types the given ``text`` into the text field identified by ``locator``.</doc>
<msg timestamp="20230906 17:35:47.070" level="INFO">Typing text '0967140000' into text field '//input[@id='telephoneno']'.</msg>
<status status="PASS" starttime="20230906 17:35:47.070" endtime="20230906 17:35:47.090"/>
</kw>
<kw name="Click Element" library="SeleniumLibrary">
<arg>${btn_submit}</arg>
<doc>Click the element identified by ``locator``.</doc>
<msg timestamp="20230906 17:35:47.091" level="INFO">Clicking element '//input[@name='submit']'.</msg>
<status status="PASS" starttime="20230906 17:35:47.091" endtime="20230906 17:35:47.995"/>
</kw>
<kw name="Get Text" library="SeleniumLibrary">
<var>${value}</var>
<arg>${customer_id}</arg>
<doc>Returns the text value of the element identified by ``locator``.</doc>
<msg timestamp="20230906 17:35:48.009" level="INFO">${value} = 777384</msg>
<status status="PASS" starttime="20230906 17:35:47.995" endtime="20230906 17:35:48.009"/>
</kw>
<kw name="Click Element" library="SeleniumLibrary">
<arg>${btn_home}</arg>
<doc>Click the element identified by ``locator``.</doc>
<msg timestamp="20230906 17:35:48.010" level="INFO">Clicking element '//a[@class='button']'.</msg>
<status status="PASS" starttime="20230906 17:35:48.009" endtime="20230906 17:35:48.325"/>
</kw>
<kw name="Wait Until Element Is Visible" library="SeleniumLibrary">
<arg>${a_ATBcustomer}</arg>
<arg>${timeout}</arg>
<doc>Waits until the element ``locator`` is visible.</doc>
<status status="PASS" starttime="20230906 17:35:48.325" endtime="20230906 17:35:48.354"/>
</kw>
<kw name="Click Element" library="SeleniumLibrary">
<arg>${a_ATBcustomer}</arg>
<doc>Click the element identified by ``locator``.</doc>
<msg timestamp="20230906 17:35:48.354" level="INFO">Clicking element '//a[@href="assigntariffplantocustomer.php"]'.</msg>
<status status="PASS" starttime="20230906 17:35:48.354" endtime="20230906 17:35:48.851"/>
</kw>
<kw name="Wait Until Element Is Visible" library="SeleniumLibrary">
<arg>${inp_customerid}</arg>
<arg>${timeout}</arg>
<doc>Waits until the element ``locator`` is visible.</doc>
<status status="PASS" starttime="20230906 17:35:48.851" endtime="20230906 17:35:48.863"/>
</kw>
<kw name="Input Text" library="SeleniumLibrary">
<arg>${inp_customerid}</arg>
<arg>${value}</arg>
<doc>Types the given ``text`` into the text field identified by ``locator``.</doc>
<msg timestamp="20230906 17:35:48.864" level="INFO">Typing text '777384' into text field '//input[@id='customer_id']'.</msg>
<status status="PASS" starttime="20230906 17:35:48.863" endtime="20230906 17:35:48.877"/>
</kw>
<kw name="Click Element" library="SeleniumLibrary">
<arg>${btn_submit2}</arg>
<doc>Click the element identified by ``locator``.</doc>
<msg timestamp="20230906 17:35:48.877" level="INFO">Clicking element '//input[@name='submit']'.</msg>
<status status="PASS" starttime="20230906 17:35:48.877" endtime="20230906 17:35:49.351"/>
</kw>
<kw name="Wait Until Element Is Visible" library="SeleniumLibrary">
<arg>${verify_text1}</arg>
<arg>${timeout}</arg>
<doc>Waits until the element ``locator`` is visible.</doc>
<status status="PASS" starttime="20230906 17:35:49.351" endtime="20230906 17:35:49.364"/>
</kw>
<status status="PASS" starttime="20230906 17:35:38.788" endtime="20230906 17:35:49.364"/>
</kw>
<kw name="Close Browser" library="SeleniumLibrary" type="TEARDOWN">
<doc>Closes the current browser.</doc>
<status status="PASS" starttime="20230906 17:35:49.365" endtime="20230906 17:35:52.498"/>
</kw>
<doc>Thêm thông tin gói cước telecom</doc>
<tag>demo.guru99.com/telecom</tag>
<status status="PASS" starttime="20230906 17:35:23.664" endtime="20230906 17:35:52.500"/>
</test>
<status status="PASS" starttime="20230906 17:35:23.509" endtime="20230906 17:35:52.501"/>
</suite>
<status status="PASS" starttime="20230906 17:35:23.506" endtime="20230906 17:35:52.503"/>
</suite>
<status status="PASS" starttime="20230906 17:35:23.492" endtime="20230906 17:35:52.505"/>
</suite>
<statistics>
<total>
<stat pass="1" fail="0" skip="0">All Tests</stat>
</total>
<tag>
<stat pass="1" fail="0" skip="0">demo.guru99.com/telecom</stat>
</tag>
<suite>
<stat pass="1" fail="0" skip="0" id="s1" name="Msb Training Automation">Msb Training Automation</stat>
<stat pass="1" fail="0" skip="0" id="s1-s1" name="5 Testcase">Msb Training Automation.5 Testcase</stat>
<stat pass="1" fail="0" skip="0" id="s1-s1-s1" name="Bài 4.guru99 telecom">Msb Training Automation.5 Testcase.Bài 4.guru99 telecom</stat>
</suite>
</statistics>
<errors>
</errors>
</robot>
